<?xml version="1.0" encoding="UTF-8"?>
<!-- Generated by org.testng.reporters.JUnitXMLReporter -->
<testsuite ignored="1" hostname="ArunMotoori" failures="1" tests="13" name="Surefire test" time="53.403" errors="0" timestamp="2024-10-28T21:24:08 IST">
  <testcase classname="tests.LoginTest" name="verifyLoginWithValidCredentials" time="0.945"/>
  <testcase classname="tests.LoginTest" name="verifyLoginWithValidCredentials" time="1.09"/>
  <testcase classname="tests.LoginTest" name="verifyLoginWithValidCredentials" time="1.071"/>
  <testcase classname="tests.LoginTest" name="verifyLoginWithInvalidCredentials" time="0.945"/>
  <testcase classname="tests.LoginTest" name="verifyLoginWithInvalidEmailAndValidPassword" time="0.926"/>
  <testcase classname="tests.LoginTest" name="verifyLoginWithValidEmailAndInvalidPassword" time="1.092"/>
  <testcase classname="tests.LoginTest" name="verifyLoginWithoutCredentials" time="0.8"/>
  <testcase classname="tests.LogoutTest" name="verifyLogoutFromMyAccountMenu" time="0.003">
    <skipped/>
  </testcase> <!-- verifyLogoutFromMyAccountMenu -->
  <testcase classname="tests.RegisterTest" name="verifyRegisterAccountUsingMandatoryFields" time="1.589"/>
  <testcase classname="tests.RegisterTest" name="verifyRegisterAccountUsingAllFields" time="1.734"/>
  <testcase classname="tests.RegisterTest" name="verifyRegisterAccountWithoutAnyDetails" time="0.935"/>
  <testcase classname="tests.SearchTest" name="verifySearchingForExisitingProduct" time="0.664">
    <failure type="java.lang.AssertionError" message="expected [true] but found [false]">
      <![CDATA[java.lang.AssertionError: expected [true] but found [false]
at tests.SearchTest.verifySearchingForExisitingProduct(SearchTest.java:41)
at java.base/java.util.ArrayList.forEach(ArrayList.java:1596)
... Removed 34 stack frames]]>
    </failure>
  </testcase> <!-- verifySearchingForExisitingProduct -->
  <testcase classname="tests.SearchTest" name="verifySearchingWithoutAnyProduct" time="0.001">
    <skipped/>
  </testcase> <!-- verifySearchingWithoutAnyProduct -->
  <testcase classname="tests.SearchTest" name="verifySearchingForNonExistingProduct" time="0.0">
    <ignored/>
  </testcase> <!-- verifySearchingForNonExistingProduct -->
</testsuite> <!-- Surefire test -->
