<?xml version="1.0" encoding="UTF-8"?>
<!-- Generated by org.testng.reporters.JUnitXMLReporter -->
<testsuite ignored="1" hostname="DESKTOP-JNHH0DE" failures="1" tests="13" name="Test" time="73.626" errors="0" timestamp="2024-11-12T19:05:56 IST">
  <testcase classname="tests.RegisterTest" name="verifyRegisterAccountUsingMandatoryFields" time="1.53"/>
  <testcase classname="tests.RegisterTest" name="verifyRegisterAccountUsingAllFields" time="1.611"/>
  <testcase classname="tests.RegisterTest" name="verifyRegisterAccountWithoutAnyDetails" time="1.437"/>
  <testcase classname="tests.LoginTest" name="verifyLoginWithValidCredentials" time="0.981"/>
  <testcase classname="tests.LoginTest" name="verifyLoginWithValidCredentials" time="0.992"/>
  <testcase classname="tests.LoginTest" name="verifyLoginWithValidCredentials" time="0.993"/>
  <testcase classname="tests.LoginTest" name="verifyLoginWithInvalidCredentials" time="0.904"/>
  <testcase classname="tests.LoginTest" name="verifyLoginWithInvalidEmailAndValidPassword" time="0.854"/>
  <testcase classname="tests.LoginTest" name="verifyLoginWithValidEmailAndInvalidPassword" time="0.83"/>
  <testcase classname="tests.LoginTest" name="verifyLoginWithoutCredentials" time="0.79"/>
  <testcase classname="tests.SearchTest" name="verifySearchingForExisitingProduct" time="0.714">
    <failure type="java.lang.AssertionError" message="expected [true] but found [false]">
      <![CDATA[java.lang.AssertionError: expected [true] but found [false]
at tests.SearchTest.verifySearchingForExisitingProduct(SearchTest.java:41)
at java.base/java.util.ArrayList.forEach(ArrayList.java:1511)
... Removed 35 stack frames]]>
    </failure>
  </testcase> <!-- verifySearchingForExisitingProduct -->
  <testcase classname="tests.SearchTest" name="verifySearchingWithoutAnyProduct" time="0.0">
    <skipped/>
  </testcase> <!-- verifySearchingWithoutAnyProduct -->
  <testcase classname="tests.LogoutTest" name="verifyLogoutFromMyAccountMenu" time="0.004">
    <skipped/>
  </testcase> <!-- verifyLogoutFromMyAccountMenu -->
  <testcase classname="tests.SearchTest" name="verifySearchingForNonExistingProduct" time="0.0">
    <ignored/>
  </testcase> <!-- verifySearchingForNonExistingProduct -->
</testsuite> <!-- Test -->
