<?xml version="1.0" encoding="UTF-8"?>
<testsuite xmlns:xsi="http://www.w3.org/2001/XMLSchema-instance" xsi:noNamespaceSchemaLocation="https://maven.apache.org/surefire/maven-surefire-plugin/xsd/surefire-test-report.xsd" version="3.0.1" name="TestSuite" time="76.428" tests="13" errors="0" skipped="2" failures="1">
  <properties>
[...]
</properties>
  <testcase name="verifyRegisterAccountUsingMandatoryFields" classname="tests.RegisterTest" time="1.529">
    <system-err><![CDATA[SLF4J: Failed to load class "org.slf4j.impl.StaticLoggerBinder".
SLF4J: Defaulting to no-operation (NOP) logger implementation
SLF4J: See http://www.slf4j.org/codes.html#StaticLoggerBinder for further details.
]]></system-err>
  </testcase>
  <testcase name="verifyRegisterAccountUsingAllFields" classname="tests.RegisterTest" time="1.611"/>
  <testcase name="verifyRegisterAccountWithoutAnyDetails" classname="tests.RegisterTest" time="1.437"/>
  <testcase name="verifyLoginWithValidCredentials[{Runmode=Y, ExpectedResult=Success, Username=amotooribatch1@gmail.com, Password=abcde}](1)" classname="tests.LoginTest" time="0.981"/>
  <testcase name="verifyLoginWithValidCredentials[{Runmode=Y, ExpectedResult=Success, Username=amotooribatch11@gmail.com, Password=fghij}](2)" classname="tests.LoginTest" time="0.982"/>
  <testcase name="verifyLoginWithValidCredentials[{Runmode=Y, ExpectedResult=Success, Username=amotooribatch111@gmail.com, Password=klmno}](3)" classname="tests.LoginTest" time="0.972"/>
  <testcase name="verifyLoginWithInvalidCredentials" classname="tests.LoginTest" time="0.904"/>
  <testcase name="verifyLoginWithInvalidEmailAndValidPassword" classname="tests.LoginTest" time="0.854"/>
  <testcase name="verifyLoginWithValidEmailAndInvalidPassword" classname="tests.LoginTest" time="0.815"/>
  <testcase name="verifyLoginWithoutCredentials" classname="tests.LoginTest" time="0.778"/>
  <testcase name="verifySearchingForExisitingProduct" classname="tests.SearchTest" time="0.982">
    <failure message="expected [true] but found [false]" type="java.lang.AssertionError"><![CDATA[java.lang.AssertionError: expected [true] but found [false]
	at org.testng.Assert.fail(Assert.java:111)
	at org.testng.Assert.failNotEquals(Assert.java:1578)
	at org.testng.Assert.assertTrue(Assert.java:57)
	at org.testng.Assert.assertTrue(Assert.java:67)
	at tests.SearchTest.verifySearchingForExisitingProduct(SearchTest.java:41)
	at java.base/jdk.internal.reflect.NativeMethodAccessorImpl.invoke0(Native Method)
	at java.base/jdk.internal.reflect.NativeMethodAccessorImpl.invoke(NativeMethodAccessorImpl.java:77)
	at java.base/jdk.internal.reflect.DelegatingMethodAccessorImpl.invoke(DelegatingMethodAccessorImpl.java:43)
	at java.base/java.lang.reflect.Method.invoke(Method.java:568)
	at org.testng.internal.invokers.MethodInvocationHelper.invokeMethod(MethodInvocationHelper.java:141)
	at org.testng.internal.invokers.TestInvoker.invokeMethod(TestInvoker.java:686)
	at org.testng.internal.invokers.TestInvoker.invokeTestMethod(TestInvoker.java:230)
	at org.testng.internal.invokers.MethodRunner.runInSequence(MethodRunner.java:63)
	at org.testng.internal.invokers.TestInvoker$MethodInvocationAgent.invoke(TestInvoker.java:992)
	at org.testng.internal.invokers.TestInvoker.invokeTestMethods(TestInvoker.java:203)
	at org.testng.internal.invokers.TestMethodWorker.invokeTestMethods(TestMethodWorker.java:154)
	at org.testng.internal.invokers.TestMethodWorker.run(TestMethodWorker.java:134)
	at java.base/java.util.ArrayList.forEach(ArrayList.java:1511)
	at org.testng.TestRunner.privateRun(TestRunner.java:739)
	at org.testng.TestRunner.run(TestRunner.java:614)
	at org.testng.SuiteRunner.runTest(SuiteRunner.java:421)
	at org.testng.SuiteRunner.runSequentially(SuiteRunner.java:413)
	at org.testng.SuiteRunner.privateRun(SuiteRunner.java:373)
	at org.testng.SuiteRunner.run(SuiteRunner.java:312)
	at org.testng.SuiteRunnerWorker.runSuite(SuiteRunnerWorker.java:52)
	at org.testng.SuiteRunnerWorker.run(SuiteRunnerWorker.java:95)
	at org.testng.TestNG.runSuitesSequentially(TestNG.java:1274)
	at org.testng.TestNG.runSuitesLocally(TestNG.java:1208)
	at org.testng.TestNG.runSuites(TestNG.java:1112)
	at org.testng.TestNG.run(TestNG.java:1079)
	at org.apache.maven.surefire.testng.TestNGExecutor.run(TestNGExecutor.java:308)
	at org.apache.maven.surefire.testng.TestNGXmlTestSuite.execute(TestNGXmlTestSuite.java:71)
	at org.apache.maven.surefire.testng.TestNGProvider.invoke(TestNGProvider.java:113)
	at org.apache.maven.surefire.booter.ForkedBooter.runSuitesInProcess(ForkedBooter.java:385)
	at org.apache.maven.surefire.booter.ForkedBooter.execute(ForkedBooter.java:162)
	at org.apache.maven.surefire.booter.ForkedBooter.run(ForkedBooter.java:507)
	at org.apache.maven.surefire.booter.ForkedBooter.main(ForkedBooter.java:495)
]]></failure>
  </testcase>
  <testcase name="verifySearchingWithoutAnyProduct" classname="tests.SearchTest" time="0.0">
    <skipped message="Method tests.SearchTest.verifySearchingWithoutAnyProduct() on instance tests.SearchTest@63376bed depends on not successfully finished methods &#10;[tests.SearchTest.verifySearchingForExisitingProduct() on instance tests.SearchTest@63376bed]"/>
  </testcase>
  <testcase name="verifyLogoutFromMyAccountMenu" classname="tests.LogoutTest" time="0.0">
    <skipped message="The value of i is 1 and hence this test got skipped"/>
  </testcase>
</testsuite>